[0207/030057.415:ERROR:process_info.cc(632)] range at 0x8838300400000000, size 0x3b fully unreadable
[0207/030057.978:ERROR:process_info.cc(632)] range at 0x8838302400000000, size 0x3b fully unreadable
[0207/030057.978:ERROR:process_info.cc(632)] range at 0x0, size 0x3b fully unreadable
[0207/030114.198:ERROR:process_info.cc(632)] range at 0x78f7300600000000, size 0x37 fully unreadable
[0207/030114.207:ERROR:process_info.cc(632)] range at 0x78f7302600000000, size 0x37 fully unreadable
[0207/030114.207:ERROR:process_info.cc(632)] range at 0x0, size 0x37 fully unreadable
[0207/030133.872:ERROR:process_info.cc(632)] range at 0x923b300400000000, size 0x1f fully unreadable
[0207/030134.176:ERROR:process_info.cc(632)] range at 0x923b302400000000, size 0x1f fully unreadable
[0207/030134.176:ERROR:process_info.cc(632)] range at 0x0, size 0x1f fully unreadable
[0207/030135.438:ERROR:process_info.cc(632)] range at 0x50c030ae00000000, size 0x5d fully unreadable
[0207/030135.905:ERROR:process_info.cc(632)] range at 0x50c030ce00000000, size 0x5d fully unreadable
[0207/030135.905:ERROR:process_info.cc(632)] range at 0x0, size 0x5d fully unreadable
[0207/030133.884:ERROR:process_info.cc(632)] range at 0xba42300200000000, size 0xbc fully unreadable
[0207/030135.905:ERROR:process_info.cc(632)] range at 0xba42302200000000, size 0xbc fully unreadable
[0207/030135.906:ERROR:process_info.cc(632)] range at 0x0, size 0xbc fully unreadable
[0207/030141.061:ERROR:process_info.cc(632)] range at 0x8612ffe00000000, size 0x47 fully unreadable
[0207/030141.273:ERROR:process_info.cc(632)] range at 0x861301e00000000, size 0x47 fully unreadable
[0207/030141.273:ERROR:process_info.cc(632)] range at 0x0, size 0x47 fully unreadable
[0207/030142.633:ERROR:process_info.cc(632)] range at 0x4eeb300400000000, size 0x17 fully unreadable
[0207/030143.213:ERROR:process_info.cc(632)] range at 0x4eeb302400000000, size 0x17 fully unreadable
[0207/030143.213:ERROR:process_info.cc(632)] range at 0x0, size 0x17 fully unreadable
[0207/030148.339:ERROR:process_info.cc(632)] range at 0xa826300400000000, size 0x5 fully unreadable
[0207/030148.366:ERROR:process_info.cc(632)] range at 0xa826302400000000, size 0x5 fully unreadable
[0207/030148.366:ERROR:process_info.cc(632)] range at 0x0, size 0x5 fully unreadable
[0207/030201.204:ERROR:process_info.cc(632)] range at 0x59462ffe00000000, size 0xbb fully unreadable
[0207/030201.635:ERROR:process_info.cc(632)] range at 0x5946301e00000000, size 0xbb fully unreadable
[0207/030201.635:ERROR:process_info.cc(632)] range at 0x0, size 0xbb fully unreadable
[0207/030201.708:ERROR:process_info.cc(632)] range at 0x1732300400000000, size 0x3 fully unreadable
[0207/030201.736:ERROR:process_info.cc(632)] range at 0x1732302400000000, size 0x3 fully unreadable
[0207/030201.736:ERROR:process_info.cc(632)] range at 0x0, size 0x3 fully unreadable
[0207/030202.903:ERROR:process_info.cc(632)] range at 0x8b45300200000000, size 0xe7 fully unreadable
[0207/030203.041:ERROR:process_info.cc(632)] range at 0x8b45302200000000, size 0xe7 fully unreadable
[0207/030203.041:ERROR:process_info.cc(632)] range at 0x0, size 0xe7 fully unreadable
[0207/030202.845:ERROR:process_info.cc(632)] range at 0x91b1300400000000, size 0x6 fully unreadable
[0207/030203.043:ERROR:process_info.cc(632)] range at 0x91b1302400000000, size 0x6 fully unreadable
[0207/030203.043:ERROR:process_info.cc(632)] range at 0x0, size 0x6 fully unreadable
[0207/030203.035:ERROR:process_info.cc(632)] range at 0x42a9300400000000, size 0xc0 fully unreadable
[0207/030203.063:ERROR:process_info.cc(632)] range at 0x42a9302400000000, size 0xc0 fully unreadable
[0207/030203.063:ERROR:process_info.cc(632)] range at 0x0, size 0xc0 fully unreadable
[0207/030203.281:ERROR:process_info.cc(632)] range at 0x28812ffe00000000, size 0x77 fully unreadable
[0207/030203.455:ERROR:process_info.cc(632)] range at 0x2881301e00000000, size 0x77 fully unreadable
[0207/030203.455:ERROR:process_info.cc(632)] range at 0x0, size 0x77 fully unreadable
[0207/084114.378:ERROR:process_info.cc(632)] range at 0xd89a300400000000, size 0x5b fully unreadable
[0207/084120.257:ERROR:process_info.cc(632)] range at 0xd89a302400000000, size 0x5b fully unreadable
[0207/084120.258:ERROR:process_info.cc(632)] range at 0x0, size 0x5b fully unreadable
[0207/084154.621:ERROR:process_info.cc(632)] range at 0x9dd7300200000000, size 0x4a fully unreadable
[0207/084155.453:ERROR:process_info.cc(632)] range at 0x9dd7302200000000, size 0x4a fully unreadable
[0207/084155.453:ERROR:process_info.cc(632)] range at 0x0, size 0x4a fully unreadable
[0207/084225.595:ERROR:process_info.cc(632)] range at 0x4a76300400000000, size 0xc6 fully unreadable
[0207/084225.801:ERROR:process_info.cc(632)] range at 0x4a76302400000000, size 0xc6 fully unreadable
[0207/084225.801:ERROR:process_info.cc(632)] range at 0x0, size 0xc6 fully unreadable
[0207/084229.480:ERROR:process_info.cc(632)] range at 0xb9da30b400000000, size 0xfd fully unreadable
[0207/084229.492:ERROR:process_info.cc(632)] range at 0xb9da30d400000000, size 0xfd fully unreadable
[0207/084229.493:ERROR:process_info.cc(632)] range at 0x0, size 0xfd fully unreadable
[0207/084238.195:ERROR:process_info.cc(632)] range at 0x19b1300400000000, size 0xc3 fully unreadable
[0207/084238.207:ERROR:process_info.cc(632)] range at 0x19b1302400000000, size 0xc3 fully unreadable
[0207/084238.207:ERROR:process_info.cc(632)] range at 0x0, size 0xc3 fully unreadable
[0207/084238.987:ERROR:process_info.cc(632)] range at 0x4cd1300200000000, size 0x79 fully unreadable
[0207/084238.997:ERROR:process_info.cc(632)] range at 0x4cd1302200000000, size 0x79 fully unreadable
[0207/084238.998:ERROR:process_info.cc(632)] range at 0x0, size 0x79 fully unreadable
[0207/084245.410:ERROR:process_info.cc(632)] range at 0x6d142ffe00000000, size 0x33 fully unreadable
[0207/084245.422:ERROR:process_info.cc(632)] range at 0x6d14301e00000000, size 0x33 fully unreadable
[0207/084245.422:ERROR:process_info.cc(632)] range at 0x0, size 0x33 fully unreadable
[0207/084308.550:ERROR:process_info.cc(632)] range at 0xa21a300200000000, size 0xe5 fully unreadable
[0207/084308.566:ERROR:process_info.cc(632)] range at 0xa21a302200000000, size 0xe5 fully unreadable
[0207/084308.567:ERROR:process_info.cc(632)] range at 0x0, size 0xe5 fully unreadable
[0207/084330.171:ERROR:process_info.cc(632)] range at 0x4d2300200000000, size 0xe3 fully unreadable
[0207/084330.630:ERROR:process_info.cc(632)] range at 0x4d2302200000000, size 0xe3 fully unreadable
[0207/084330.630:ERROR:process_info.cc(632)] range at 0x0, size 0xe3 fully unreadable
[0207/084530.381:ERROR:process_info.cc(632)] range at 0xedff300400000000, size 0xae fully unreadable
[0207/084530.395:ERROR:process_info.cc(632)] range at 0xedff302400000000, size 0xae fully unreadable
[0207/084530.395:ERROR:process_info.cc(632)] range at 0x0, size 0xae fully unreadable
[0207/084632.902:ERROR:process_info.cc(632)] range at 0xf51300200000000, size 0x82 fully unreadable
[0207/084632.911:ERROR:process_info.cc(632)] range at 0xf51302200000000, size 0x82 fully unreadable
[0207/084632.911:ERROR:process_info.cc(632)] range at 0x0, size 0x82 fully unreadable
[0207/085002.922:ERROR:process_info.cc(632)] range at 0x6955300000000000, size 0x22 fully unreadable
[0207/085002.924:ERROR:process_info.cc(632)] range at 0x6955302000000000, size 0x22 fully unreadable
[0207/085002.925:ERROR:process_info.cc(632)] range at 0x0, size 0x22 fully unreadable
